<?xml version="1.0" encoding="UTF-8"?>
<!-- Generated by org.testng.reporters.JUnitReportReporter -->
<testsuite hostname="Mary" failures="0" tests="1" name="Wingify.Wingify_Assignment.Wingify_Check_Values_Sorting" time="8.836" errors="0" timestamp="2024-05-25T14:46:55 IST" skipped="0">
  <testcase classname="Wingify.Wingify_Assignment.Wingify_Check_Values_Sorting" name="check_values_sorted" time="8.836"/>
  <system-out>
    <![CDATA[Login is successful
Values are sorted
Testcase passed]]>
  </system-out>
</testsuite> <!-- Wingify.Wingify_Assignment.Wingify_Check_Values_Sorting -->
