<?xml version="1.0" encoding="UTF-8"?>
<!-- Generated by org.testng.reporters.JUnitReportReporter -->
<testsuite hostname="Mary" failures="0" tests="1" name="Wingify.Wingify_Assignment.Wingify_Login_Invalid_credentials" time="7.862" errors="0" timestamp="2024-05-25T14:46:55 IST" skipped="0">
  <testcase classname="Wingify.Wingify_Assignment.Wingify_Login_Invalid_credentials" name="invalid_login_details" time="7.862"/>
  <system-out>
    <![CDATA[Login is not successful
Testcase passed]]>
  </system-out>
</testsuite> <!-- Wingify.Wingify_Assignment.Wingify_Login_Invalid_credentials -->
